android/app/build/intermediates/manifest_merge_blame_file/debug/processDebugMainManifest/manifest-merger-blame-debug-report.txt
1<?xml version="1.0" encoding="utf-8"?>
2<manifest xmlns:android="http://schemas.android.com/apk/res/android"
3    package="com.saatool.app"
4    android:versionCode="1"
5    android:versionName="1.0" >
6
7    <uses-sdk
8        android:minSdkVersion="26"
9        android:targetSdkVersion="34" />
10
11    <!-- Network access for the local HTTP server and AI API calls -->
12    <uses-permission android:name="android.permission.INTERNET" />
12-->src\main\AndroidManifest.xml:5:5-67
12-->src\main\AndroidManifest.xml:5:22-64
13
14    <!-- Required to keep the Go server running as a foreground service -->
15    <uses-permission android:name="android.permission.FOREGROUND_SERVICE" />
15-->src\main\AndroidManifest.xml:8:5-77
15-->src\main\AndroidManifest.xml:8:22-74
16    <uses-permission android:name="android.permission.FOREGROUND_SERVICE_DATA_SYNC" />
16-->src\main\AndroidManifest.xml:9:5-87
16-->src\main\AndroidManifest.xml:9:22-84
17
18    <!-- Storage access for EPUB import (Android 9 and below) -->
19    <uses-permission
19-->src\main\AndroidManifest.xml:12:5-13:38
20        android:name="android.permission.READ_EXTERNAL_STORAGE"
20-->src\main\AndroidManifest.xml:12:22-77
21        android:maxSdkVersion="28" />
21-->src\main\AndroidManifest.xml:13:9-35
22
23    <permission
23-->[androidx.core:core:1.12.0] AndroidManifest.xml:22:5-24:47
24        android:name="com.saatool.app.DYNAMIC_RECEIVER_NOT_EXPORTED_PERMISSION"
24-->[androidx.core:core:1.12.0] AndroidManifest.xml:23:9-81
25        android:protectionLevel="signature" />
25-->[androidx.core:core:1.12.0] AndroidManifest.xml:24:9-44
26
27    <uses-permission android:name="com.saatool.app.DYNAMIC_RECEIVER_NOT_EXPORTED_PERMISSION" />
27-->[androidx.core:core:1.12.0] AndroidManifest.xml:26:5-97
27-->[androidx.core:core:1.12.0] AndroidManifest.xml:26:22-94
28
29    <application
29-->src\main\AndroidManifest.xml:15:5-41:19
30        android:allowBackup="true"
30-->src\main\AndroidManifest.xml:16:9-35
31        android:appComponentFactory="androidx.core.app.CoreComponentFactory"
31-->[androidx.core:core:1.12.0] AndroidManifest.xml:28:18-86
32        android:debuggable="true"
33        android:extractNativeLibs="false"
34        android:icon="@mipmap/ic_launcher"
34-->src\main\AndroidManifest.xml:17:9-43
35        android:label="SaaTool"
35-->src\main\AndroidManifest.xml:18:9-32
36        android:roundIcon="@mipmap/ic_launcher_round"
36-->src\main\AndroidManifest.xml:19:9-54
37        android:supportsRtl="true"
37-->src\main\AndroidManifest.xml:20:9-35
38        android:theme="@style/Theme.AppCompat.NoActionBar"
38-->src\main\AndroidManifest.xml:21:9-59
39        android:usesCleartextTraffic="true" >
39-->src\main\AndroidManifest.xml:22:9-44
40
41        <!-- Main activity: hosts the WebView that loads the React app -->
42        <activity
42-->src\main\AndroidManifest.xml:25:9-33:20
43            android:name="com.saatool.app.MainActivity"
43-->src\main\AndroidManifest.xml:26:13-41
44            android:configChanges="orientation|screenSize|keyboardHidden"
44-->src\main\AndroidManifest.xml:28:13-74
45            android:exported="true" >
45-->src\main\AndroidManifest.xml:27:13-36
46            <intent-filter>
46-->src\main\AndroidManifest.xml:29:13-32:29
47                <action android:name="android.intent.action.MAIN" />
47-->src\main\AndroidManifest.xml:30:17-69
47-->src\main\AndroidManifest.xml:30:25-66
48
49                <category android:name="android.intent.category.LAUNCHER" />
49-->src\main\AndroidManifest.xml:31:17-77
49-->src\main\AndroidManifest.xml:31:27-74
50            </intent-filter>
51        </activity>
52
53        <!-- Background service that runs the Go HTTP server -->
54        <service
54-->src\main\AndroidManifest.xml:36:9-39:56
55            android:name="com.saatool.app.GoServerService"
55-->src\main\AndroidManifest.xml:37:13-44
56            android:exported="false"
56-->src\main\AndroidManifest.xml:38:13-37
57            android:foregroundServiceType="dataSync" />
57-->src\main\AndroidManifest.xml:39:13-53
58
59        <provider
59-->[androidx.emoji2:emoji2:1.2.0] AndroidManifest.xml:24:9-32:20
60            android:name="androidx.startup.InitializationProvider"
60-->[androidx.emoji2:emoji2:1.2.0] AndroidManifest.xml:25:13-67
61            android:authorities="com.saatool.app.androidx-startup"
61-->[androidx.emoji2:emoji2:1.2.0] AndroidManifest.xml:26:13-68
62            android:exported="false" >
62-->[androidx.emoji2:emoji2:1.2.0] AndroidManifest.xml:27:13-37
63            <meta-data
63-->[androidx.emoji2:emoji2:1.2.0] AndroidManifest.xml:29:13-31:52
64                android:name="androidx.emoji2.text.EmojiCompatInitializer"
64-->[androidx.emoji2:emoji2:1.2.0] AndroidManifest.xml:30:17-75
65                android:value="androidx.startup" />
65-->[androidx.emoji2:emoji2:1.2.0] AndroidManifest.xml:31:17-49
66            <meta-data
66-->[androidx.lifecycle:lifecycle-process:2.4.1] AndroidManifest.xml:31:13-33:52
67                android:name="androidx.lifecycle.ProcessLifecycleInitializer"
67-->[androidx.lifecycle:lifecycle-process:2.4.1] AndroidManifest.xml:32:17-78
68                android:value="androidx.startup" />
68-->[androidx.lifecycle:lifecycle-process:2.4.1] AndroidManifest.xml:33:17-49
69        </provider>
70    </application>
71
72</manifest>